<?xml version="1.0" encoding="UTF-8"?>
<testng-results ignored="0" total="1" passed="1" failed="0" skipped="0">
  <reporter-output>
    <line>
      <![CDATA[Setting up the system variables]]>
    </line>
    <line>
      <![CDATA[Starting the application]]>
    </line>
  </reporter-output>
  <suite started-at="2019-05-06T05:43:51Z" name="Default suite" finished-at="2019-05-06T05:46:14Z" duration-ms="143318">
    <groups>
    </groups>
    <test started-at="2019-05-06T05:43:51Z" name="Default test" finished-at="2019-05-06T05:46:14Z" duration-ms="143318">
      <class name="siteTest.GoIbiboMain">
        <test-method is-config="true" signature="setSettings()[pri:0, instance:siteTest.GoIbiboMain@7b02881e]" started-at="2019-05-06T05:43:50Z" name="setSettings" finished-at="2019-05-06T05:43:51Z" duration-ms="935" status="PASS">
          <reporter-output>
            <line>
              <![CDATA[Setting up the system variables]]>
            </line>
          </reporter-output>
        </test-method> <!-- setSettings -->
        <test-method is-config="true" signature="setUp()[pri:0, instance:siteTest.GoIbiboMain@7b02881e]" started-at="2019-05-06T05:43:51Z" name="setUp" finished-at="2019-05-06T05:45:08Z" duration-ms="77599" status="PASS">
          <reporter-output>
            <line>
              <![CDATA[Starting the application]]>
            </line>
          </reporter-output>
        </test-method> <!-- setUp -->
        <test-method signature="LoginApp()[pri:0, instance:siteTest.GoIbiboMain@7b02881e]" started-at="2019-05-06T05:45:08Z" name="LoginApp" finished-at="2019-05-06T05:46:11Z" duration-ms="62342" status="PASS">
          <reporter-output>
          </reporter-output>
        </test-method> <!-- LoginApp -->
        <test-method is-config="true" signature="quitBrowser(org.testng.ITestResult)[pri:0, instance:siteTest.GoIbiboMain@7b02881e]" started-at="2019-05-06T05:46:11Z" name="quitBrowser" finished-at="2019-05-06T05:46:13Z" duration-ms="2356" status="PASS">
          <params>
            <param index="0">
              <value>
                <![CDATA[[TestResult name=LoginApp status=SUCCESS method=GoIbiboMain.LoginApp()[pri:0, instance:siteTest.GoIbiboMain@7b02881e] output={null}]]]>
              </value>
            </param>
          </params>
          <reporter-output>
          </reporter-output>
        </test-method> <!-- quitBrowser -->
        <test-method is-config="true" signature="tearDown()[pri:0, instance:siteTest.GoIbiboMain@7b02881e]" started-at="2019-05-06T05:46:13Z" name="tearDown" finished-at="2019-05-06T05:46:14Z" duration-ms="691" status="PASS">
          <reporter-output>
          </reporter-output>
        </test-method> <!-- tearDown -->
        <test-method is-config="true" signature="tearReport()[pri:0, instance:siteTest.GoIbiboMain@7b02881e]" started-at="2019-05-06T05:46:14Z" name="tearReport" finished-at="2019-05-06T05:46:14Z" duration-ms="293" status="PASS">
          <reporter-output>
          </reporter-output>
        </test-method> <!-- tearReport -->
      </class> <!-- siteTest.GoIbiboMain -->
    </test> <!-- Default test -->
  </suite> <!-- Default suite -->
</testng-results>
