<?xml version="1.0" encoding="UTF-8"?>
<!-- Generated by org.testng.reporters.JUnitXMLReporter -->
<testsuite ignored="0" hostname="DESKTOP-M3UV5M0" failures="1" tests="1" name="Test" time="0.134" errors="0" timestamp="06 May 2019 03:20:20 GMT">
  <testcase classname="siteTest.GoIbiboMain" name="LoginApp" time="0.1">
    <failure type="java.lang.IllegalStateException" message="The path to the driver executable must be set by the webdriver.chrome.driver system property; for more information, see https://github.com/SeleniumHQ/selenium/wiki/ChromeDriver. The latest version can be downloaded from http://chromedriver.storage.googleapis.com/index.html">
      <![CDATA[java.lang.IllegalStateException: The path to the driver executable must be set by the webdriver.chrome.driver system property; for more information, see https://github.com/SeleniumHQ/selenium/wiki/ChromeDriver. The latest version can be downloaded from http://chromedriver.storage.googleapis.com/index.html
at com.google.common.base.Preconditions.checkState(Preconditions.java:847)
at org.openqa.selenium.remote.service.DriverService.findExecutable(DriverService.java:134)
at org.openqa.selenium.chrome.ChromeDriverService.access$000(ChromeDriverService.java:35)
at org.openqa.selenium.chrome.ChromeDriverService$Builder.findDefaultExecutable(ChromeDriverService.java:159)
at org.openqa.selenium.remote.service.DriverService$Builder.build(DriverService.java:355)
at org.openqa.selenium.chrome.ChromeDriverService.createDefaultService(ChromeDriverService.java:94)
at org.openqa.selenium.chrome.ChromeDriver.<init>(ChromeDriver.java:123)
at siteUtilities.BrwoserFactory.startApplication(BrwoserFactory.java:16)
at siteTest.GoIbiboMain.LoginApp(GoIbiboMain.java:14)
... Removed 29 stack frames]]>
    </failure>
  </testcase> <!-- LoginApp -->
</testsuite> <!-- Test -->
